<?xml version="1.0" encoding="UTF-8"?>
<testsuite name="io.swagger.client.api.MegaSignsApiTest" tests="10" skipped="10" failures="0" errors="0" timestamp="2018-09-13T09:54:41" hostname="srustagi-osx-1" time="0.001">
  <properties/>
  <testcase name="getMegaSignsTest" classname="io.swagger.client.api.MegaSignsApiTest" time="0.0">
    <skipped/>
  </testcase>
  <testcase name="updateMegaSignStateTest" classname="io.swagger.client.api.MegaSignsApiTest" time="0.0">
    <skipped/>
  </testcase>
  <testcase name="getMegaSignChildAgreementsTest" classname="io.swagger.client.api.MegaSignsApiTest" time="0.0">
    <skipped/>
  </testcase>
  <testcase name="getMegaSignInfoTest" classname="io.swagger.client.api.MegaSignsApiTest" time="0.0">
    <skipped/>
  </testcase>
  <testcase name="createMegaSignTest" classname="io.swagger.client.api.MegaSignsApiTest" time="0.0">
    <skipped/>
  </testcase>
  <testcase name="getChildAgreementsInfoFileTest" classname="io.swagger.client.api.MegaSignsApiTest" time="0.0">
    <skipped/>
  </testcase>
  <testcase name="getEventsTest" classname="io.swagger.client.api.MegaSignsApiTest" time="0.0">
    <skipped/>
  </testcase>
  <testcase name="getMegaSignViewTest" classname="io.swagger.client.api.MegaSignsApiTest" time="0.0">
    <skipped/>
  </testcase>
  <testcase name="getMegaSignCombinedDocumentTest" classname="io.swagger.client.api.MegaSignsApiTest" time="0.0">
    <skipped/>
  </testcase>
  <testcase name="getMegaSignFormDataTest" classname="io.swagger.client.api.MegaSignsApiTest" time="0.001">
    <skipped/>
  </testcase>
  <system-out><![CDATA[]]></system-out>
  <system-err><![CDATA[]]></system-err>
</testsuite>
