<?xml version="1.0" encoding="UTF-8"?>
<testsuite name="io.swagger.client.api.WebhooksApiTest" tests="6" skipped="6" failures="0" errors="0" timestamp="2018-09-13T09:54:41" hostname="srustagi-osx-1" time="0.001">
  <properties/>
  <testcase name="getWebhookInfoTest" classname="io.swagger.client.api.WebhooksApiTest" time="0.0">
    <skipped/>
  </testcase>
  <testcase name="updateWebhookStateTest" classname="io.swagger.client.api.WebhooksApiTest" time="0.0">
    <skipped/>
  </testcase>
  <testcase name="updateWebhookTest" classname="io.swagger.client.api.WebhooksApiTest" time="0.0">
    <skipped/>
  </testcase>
  <testcase name="getWebhooksTest" classname="io.swagger.client.api.WebhooksApiTest" time="0.0">
    <skipped/>
  </testcase>
  <testcase name="deleteWebhookTest" classname="io.swagger.client.api.WebhooksApiTest" time="0.0">
    <skipped/>
  </testcase>
  <testcase name="createWebhookTest" classname="io.swagger.client.api.WebhooksApiTest" time="0.0">
    <skipped/>
  </testcase>
  <system-out><![CDATA[]]></system-out>
  <system-err><![CDATA[]]></system-err>
</testsuite>
